\BOOKMARK [1][-]{section.1}{\376\377\000I\000n\000t\000r\000o\000d\000u\000c\000t\000i\000o\000n}{}% 1
\BOOKMARK [1][-]{section.2}{\376\377\000B\000a\000c\000k\000g\000r\000o\000u\000n\000d}{}% 2
\BOOKMARK [1][-]{section.3}{\376\377\000P\000r\000i\000n\000c\000i\000p\000l\000e\000s\000\040\000o\000f\000\040\000e\000v\000i\000d\000e\000n\000c\000e\000-\000b\000a\000s\000e\000d\000\040\000v\000a\000r\000i\000a\000n\000t\000\040\000i\000n\000t\000e\000r\000p\000r\000e\000t\000a\000t\000i\000o\000n}{}% 3
\BOOKMARK [1][-]{section.4}{\376\377\000P\000r\000e\000f\000e\000r\000e\000n\000c\000e\000\040\000f\000o\000r\000\040\000e\000s\000t\000a\000b\000l\000i\000s\000h\000e\000d\000\040\000s\000t\000a\000n\000d\000a\000r\000d\000s}{}% 4
\BOOKMARK [1][-]{section.5}{\376\377\000S\000t\000r\000u\000c\000t\000u\000r\000e\000d\000\040\000v\000a\000r\000i\000a\000n\000t\000\040\000a\000n\000n\000o\000t\000a\000t\000i\000o\000n\000\040\000a\000n\000d\000\040\000a\000u\000t\000o\000m\000a\000t\000i\000o\000n\000\040\000o\000f\000\040\000i\000n\000t\000e\000r\000p\000r\000e\000t\000a\000t\000i\000o\000n}{}% 5
\BOOKMARK [1][-]{section.6}{\376\377\000V\000a\000r\000i\000a\000n\000t\000\040\000a\000n\000n\000o\000t\000a\000t\000i\000o\000n\000\040\000s\000p\000e\000c\000i\000f\000i\000c\000a\000t\000i\000o\000n}{}% 6
\BOOKMARK [1][-]{section.7}{\376\377\000D\000a\000t\000a\000\040\000p\000r\000o\000v\000e\000n\000a\000n\000c\000e\000\040\000a\000n\000d\000\040\000s\000a\000m\000p\000l\000e\000\040\000q\000u\000a\000l\000i\000t\000y\000\040\000c\000o\000n\000t\000r\000o\000l}{}% 7
\BOOKMARK [1][-]{section.8}{\376\377\000V\000a\000r\000i\000a\000n\000t\000\040\000r\000e\000p\000r\000e\000s\000e\000n\000t\000a\000t\000i\000o\000n\000\040\000a\000n\000d\000\040\000n\000o\000r\000m\000a\000l\000i\000s\000a\000t\000i\000o\000n}{}% 8
\BOOKMARK [2][-]{subsection.8.1}{\376\377\000N\000o\000m\000e\000n\000c\000l\000a\000t\000u\000r\000e\000s}{section.8}% 9
\BOOKMARK [1][-]{section.9}{\376\377\000F\000u\000n\000c\000t\000i\000o\000n\000a\000l\000\040\000e\000v\000i\000d\000e\000n\000c\000e\000\040\000d\000a\000t\000a\000b\000a\000s\000e\000s}{}% 10
\BOOKMARK [1][-]{section.10}{\376\377\000A\000u\000t\000o\000m\000a\000t\000e\000d\000\040\000Q\000V\000\040\000\050\000q\000u\000a\000l\000i\000f\000y\000i\000n\000g\000\040\000v\000a\000r\000i\000a\000n\000t\000\051\000\040\000f\000r\000a\000m\000e\000w\000o\000r\000k}{}% 11
\BOOKMARK [2][-]{subsection.10.1}{\376\377\000Q\000V\000\040\000f\000i\000l\000e\000\040\000g\000u\000i\000d\000e\000l\000i\000n\000e\000\040\000c\000o\000n\000t\000e\000n\000t}{section.10}% 12
\BOOKMARK [2][-]{subsection.10.2}{\376\377\000Q\000u\000a\000l\000i\000f\000y\000i\000n\000g\000\040\000v\000a\000r\000i\000a\000n\000t\000\040\000p\000r\000o\000t\000o\000c\000o\000l\000\040\000d\000e\000s\000i\000g\000n\000\040\000a\000n\000d\000\040\000s\000t\000a\000n\000d\000a\000r\000d\000i\000s\000e\000d\000\040\000a\000p\000p\000r\000o\000a\000c\000h\000e\000s}{section.10}% 13
\BOOKMARK [2][-]{subsection.10.3}{\376\377\000Q\000V\000\040\000s\000e\000t\000\040\000p\000r\000e\000p\000a\000r\000a\000t\000i\000o\000n}{section.10}% 14
\BOOKMARK [2][-]{subsection.10.4}{\376\377\000Q\000V\000\040\000s\000e\000t\000s\000\040\000f\000o\000r\000\040\000r\000e\000p\000o\000r\000t\000i\000n\000g}{section.10}% 15
\BOOKMARK [2][-]{subsection.10.5}{\376\377\000C\000o\000n\000d\000i\000t\000i\000o\000n\000a\000l\000\040\000e\000v\000i\000d\000e\000n\000c\000e\000\040\000r\000u\000l\000e\000s\000\040\000a\000n\000d\000\040\000s\000o\000u\000r\000c\000e\000-\000d\000e\000p\000e\000n\000d\000e\000n\000t\000\040\000q\000u\000a\000l\000i\000t\000y\000\040\000c\000h\000e\000c\000k\000s}{section.10}% 16
\BOOKMARK [2][-]{subsection.10.6}{\376\377\000A\000C\000M\000G\000\040\000c\000r\000i\000t\000e\000r\000i\000a\000\040\000w\000i\000t\000h\000\040\000c\000o\000u\000n\000t\000e\000r\000-\000f\000a\000c\000t\000u\000a\000l\000\040\000e\000v\000i\000d\000e\000n\000c\000e}{section.10}% 17
\BOOKMARK [2][-]{subsection.10.7}{\376\377\000P\000e\000d\000i\000g\000r\000e\000e\000\040\000a\000n\000d\000\040\000i\000n\000h\000e\000r\000i\000t\000a\000n\000c\000e\000\040\000i\000n\000f\000o\000r\000m\000a\000t\000i\000o\000n}{section.10}% 18
\BOOKMARK [2][-]{subsection.10.8}{\376\377\000P\000e\000d\000i\000g\000r\000e\000e\000\040\000a\000n\000d\000\040\000i\000n\000h\000e\000r\000i\000t\000a\000n\000c\000e\000\040\000i\000n\000f\000o\000r\000m\000a\000t\000i\000o\000n}{section.10}% 19
\BOOKMARK [1][-]{section.11}{\376\377\000P\000o\000p\000u\000l\000a\000t\000i\000o\000n\000\040\000f\000r\000e\000q\000u\000e\000n\000c\000y\000\040\000a\000n\000d\000\040\000c\000o\000h\000o\000r\000t\000\040\000c\000o\000n\000t\000e\000x\000t}{}% 20
\BOOKMARK [1][-]{section.12}{\376\377\000I\000n\000h\000e\000r\000i\000t\000a\000n\000c\000e\000\040\000a\000n\000d\000\040\000s\000e\000g\000r\000e\000g\000a\000t\000i\000o\000n\000\040\000e\000v\000i\000d\000e\000n\000c\000e}{}% 21
\BOOKMARK [1][-]{section.13}{\376\377\000P\000h\000e\000n\000o\000t\000y\000p\000e\000\040\000m\000a\000t\000c\000h\000i\000n\000g\000\040\000a\000n\000d\000\040\000g\000e\000n\000e\000-\000d\000i\000s\000e\000a\000s\000e\000\040\000v\000a\000l\000i\000d\000i\000t\000y}{}% 22
\BOOKMARK [1][-]{section.14}{\376\377\000C\000o\000u\000n\000t\000e\000r\000-\000e\000v\000i\000d\000e\000n\000c\000e\000\040\000a\000n\000d\000\040\000c\000o\000n\000f\000l\000i\000c\000t\000\040\000r\000e\000s\000o\000l\000u\000t\000i\000o\000n}{}% 23
\BOOKMARK [1][-]{section.15}{\376\377\000M\000a\000n\000u\000a\000l\000\040\000c\000l\000i\000n\000i\000c\000a\000l\000\040\000g\000e\000n\000e\000t\000i\000c\000s\000\040\000r\000e\000v\000i\000e\000w\000\040\000c\000h\000e\000c\000k\000p\000o\000i\000n\000t\000s}{}% 24
\BOOKMARK [1][-]{section.16}{\376\377\000S\000e\000m\000i\000-\000q\000u\000a\000n\000t\000i\000t\000a\000t\000i\000v\000e\000\040\000s\000c\000o\000r\000i\000n\000g\000\040\000r\000u\000b\000r\000i\000c}{}% 25
\BOOKMARK [1][-]{section.17}{\376\377\000E\000n\000d\000-\000t\000o\000-\000e\000n\000d\000\040\000W\000G\000S\000\040\000i\000n\000t\000e\000r\000p\000r\000e\000t\000a\000t\000i\000o\000n\000\040\000w\000o\000r\000k\000f\000l\000o\000w}{}% 26
\BOOKMARK [1][-]{section.18}{\376\377\000P\000a\000t\000i\000e\000n\000t\000\040\000a\000n\000d\000\040\000p\000u\000b\000l\000i\000c\000\040\000r\000e\000p\000r\000e\000s\000e\000n\000t\000a\000t\000i\000o\000n}{}% 27
\BOOKMARK [1][-]{section.19}{\376\377\000R\000e\000c\000o\000m\000m\000e\000n\000d\000a\000t\000i\000o\000n\000s\000\040\000f\000o\000r\000\040\000b\000i\000o\000i\000n\000f\000o\000r\000m\000a\000t\000i\000c\000s\000\040\000i\000n\000\040\000c\000l\000i\000n\000i\000c\000a\000l\000\040\000p\000r\000a\000c\000t\000i\000c\000e}{}% 28
\BOOKMARK [1][-]{section.20}{\376\377\000C\000l\000i\000n\000i\000c\000a\000l\000\040\000r\000e\000p\000o\000r\000t\000\040\000s\000t\000r\000u\000c\000t\000u\000r\000e\000\040\000a\000n\000d\000\040\000m\000i\000n\000i\000m\000u\000m\000\040\000r\000e\000q\000u\000i\000r\000e\000m\000e\000n\000t\000s}{}% 29
\BOOKMARK [1][-]{section.21}{\376\377\000P\000r\000e\000s\000e\000n\000t\000i\000n\000g\000\040\000a\000n\000\040\000e\000v\000i\000d\000e\000n\000c\000e\000\040\000s\000y\000n\000t\000h\000e\000s\000i\000s\000\040\000s\000t\000a\000t\000e\000m\000e\000n\000t}{}% 30
\BOOKMARK [1][-]{section.22}{\376\377\000I\000m\000p\000l\000e\000m\000e\000n\000t\000a\000t\000i\000o\000n\000,\000\040\000i\000n\000t\000e\000r\000o\000p\000e\000r\000a\000b\000i\000l\000i\000t\000y\000,\000\040\000a\000n\000d\000\040\000t\000o\000o\000l\000i\000n\000g}{}% 31
\BOOKMARK [1][-]{section.23}{\376\377\000L\000i\000m\000i\000t\000a\000t\000i\000o\000n\000s\000\040\000a\000n\000d\000\040\000s\000c\000o\000p\000e}{}% 32
\BOOKMARK [1][-]{section.24}{\376\377\000A\000u\000d\000i\000t\000a\000b\000i\000l\000i\000t\000y\000,\000\040\000v\000e\000r\000s\000i\000o\000n\000i\000n\000g\000,\000\040\000a\000n\000d\000\040\000c\000o\000m\000p\000l\000i\000a\000n\000c\000e}{}% 33
\BOOKMARK [1][-]{section.25}{\376\377\000F\000u\000t\000u\000r\000e\000\040\000d\000i\000r\000e\000c\000t\000i\000o\000n\000s}{}% 34
\BOOKMARK [1][-]{section.26}{\376\377\000A\000c\000k\000n\000o\000w\000l\000e\000d\000g\000e\000m\000e\000n\000t\000s}{}% 35
\BOOKMARK [1][-]{section.27}{\376\377\000R\000e\000f\000e\000r\000e\000n\000c\000e\000s}{}% 36
\BOOKMARK [1][-]{appendix.A}{\376\377\000A\000p\000p\000e\000n\000d\000i\000x}{}% 37
\BOOKMARK [1][-]{appendix.B}{\376\377\000C\000o\000n\000c\000l\000u\000s\000i\000o\000n}{}% 38
\BOOKMARK [1][-]{appendix.C}{\376\377\000S\000u\000p\000p\000l\000e\000m\000e\000n\000t\000a\000l}{}% 39
